<?xml version="1.0" encoding="UTF-8"?>
<!-- Generated by org.testng.reporters.JUnitReportReporter -->
<testsuite hostname="MSI" failures="0" tests="2" name="Test_001.Test_1" time="12.638" errors="0" timestamp="2022-05-25T16:57:51 IST" skipped="0">
  <testcase classname="Test_001.Test_1" name="login" time="5.685"/>
  <system-out/>
  <testcase classname="Test_001.Test_1" name="post_status" time="6.953"/>
  <system-out/>
</testsuite> <!-- Test_001.Test_1 -->
