<?xml version="1.0" encoding="UTF-8"?>
<!-- Generated by org.testng.reporters.JUnitReportReporter -->
<testsuite hostname="MSI" failures="0" tests="2" name="Test_001.Test_1" time="14.179" errors="0" timestamp="2022-05-31T15:01:15 IST" skipped="0">
  <testcase classname="Test_001.Test_1" name="post_status" time="6.643"/>
  <system-out/>
  <testcase classname="Test_001.Test_1" name="login" time="7.536"/>
  <system-out/>
</testsuite> <!-- Test_001.Test_1 -->
